[14Nov2025 12:04:39.902] [main/INFO] [cpw.mods.modlauncher.Launcher/MODLAUNCHER]: ModLauncher running: args [--launchTarget, forge_userdev_data, --assetIndex, 17, --assetsDir, C:\Users\hybri\.gradle\caches\forge_gradle\assets, --gameDir, ., --mod, MTMS, --all, --output, E:\MC Mod Dev\MassTech Machines\1.21.1\src\generated\resources, --existing, E:\MC Mod Dev\MassTech Machines\1.21.1\src\main\resources]
[14Nov2025 12:04:39.905] [main/INFO] [cpw.mods.modlauncher.Launcher/MODLAUNCHER]: JVM identified as Eclipse Adoptium OpenJDK 64-Bit Server VM 21.0.9+10-LTS
[14Nov2025 12:04:39.905] [main/INFO] [cpw.mods.modlauncher.Launcher/MODLAUNCHER]: ModLauncher 10.2.4 starting: java version 21.0.9 by Eclipse Adoptium; OS Windows 11 arch amd64 version 10.0
[14Nov2025 12:04:39.978] [main/WARN] [net.minecraftforge.fml.loading.FMLConfig/CORE]: Configuration file E:\MC Mod Dev\MassTech Machines\1.21.1\run-data\config\fml.toml is not correct. Correcting
[14Nov2025 12:04:39.980] [main/INFO] [net.minecraftforge.fml.loading.FMLConfig/CORE]: Incorrect key [earlyWindowSkipGLVersions] was corrected from null to []
[14Nov2025 12:04:39.980] [main/INFO] [net.minecraftforge.fml.loading.FMLConfig/CORE]: Incorrect key [earlyWindowLogHelpMessage] was corrected from null to true
[14Nov2025 12:04:39.980] [main/INFO] [net.minecraftforge.fml.loading.FMLConfig/CORE]: Incorrect key [earlyWindowSquir] was corrected from null to false
[14Nov2025 12:04:39.981] [main/INFO] [net.minecraftforge.fml.loading.FMLConfig/CORE]: Incorrect key [earlyWindowShowCPU] was corrected from null to false
[14Nov2025 12:04:39.991] [main/INFO] [net.minecraftforge.fml.loading.ImmediateWindowHandler/]: ImmediateWindowProvider not loading because launch target is forge_userdev_data
[14Nov2025 12:04:40.081] [main/INFO] [mixin/]: SpongePowered MIXIN Subsystem Version=0.8.7 Source=jar:file:///C:/Users/hybri/.gradle/caches/modules-2/files-2.1/org.spongepowered/mixin/0.8.7/8ab114ac385e6dbdad5efafe28aba4df8120915f/mixin-0.8.7.jar!/ Service=ModLauncher Env=UNKNOWN
[14Nov2025 12:04:40.603] [main/ERROR] [net.minecraftforge.fml.loading.moddiscovery.ModInfo/FATAL]: Invalid modId found in file E:\MC Mod Dev\MassTech Machines\1.21.1\build\sourcesSets\main - MTMS does not match the standard: ^[a-z][a-z0-9_]{1,63}$
[14Nov2025 12:04:40.604] [main/ERROR] [net.minecraftforge.fml.loading.moddiscovery.ModDiscoverer/SCAN]: Locator net.minecraftforge.fml.loading.moddiscovery.ClasspathLocator@6e91893 found an invalid mod file net.minecraftforge.fml.loading.moddiscovery.ModFileInfo@3c0fbd3a
net.minecraftforge.fml.loading.moddiscovery.InvalidModFileException: Invalid modId found : MTMS (main)
	at SECURE-BOOTSTRAP/net.minecraftforge.fmlloader@1.21.1-52.1.6/net.minecraftforge.fml.loading.moddiscovery.ModInfo.of(ModInfo.java:64) ~[fmlloader-1.21.1-52.1.6.jar!/:?]
	at SECURE-BOOTSTRAP/net.minecraftforge.fmlloader@1.21.1-52.1.6/net.minecraftforge.fml.loading.moddiscovery.ModFileInfo.lambda$new$2(ModFileInfo.java:111) ~[fmlloader-1.21.1-52.1.6.jar!/:?]
	at java.base/java.util.stream.ReferencePipeline$3$1.accept(ReferencePipeline.java:197) ~[?:?]
	at java.base/java.util.ArrayList$ArrayListSpliterator.forEachRemaining(ArrayList.java:1708) ~[?:?]
	at java.base/java.util.stream.AbstractPipeline.copyInto(AbstractPipeline.java:509) ~[?:?]
	at java.base/java.util.stream.AbstractPipeline.wrapAndCopyInto(AbstractPipeline.java:499) ~[?:?]
	at java.base/java.util.stream.AbstractPipeline.evaluate(AbstractPipeline.java:575) ~[?:?]
	at java.base/java.util.stream.AbstractPipeline.evaluateToArrayNode(AbstractPipeline.java:260) ~[?:?]
	at java.base/java.util.stream.ReferencePipeline.toArray(ReferencePipeline.java:616) ~[?:?]
	at java.base/java.util.stream.ReferencePipeline.toArray(ReferencePipeline.java:622) ~[?:?]
	at java.base/java.util.stream.ReferencePipeline.toList(ReferencePipeline.java:627) ~[?:?]
	at SECURE-BOOTSTRAP/net.minecraftforge.fmlloader@1.21.1-52.1.6/net.minecraftforge.fml.loading.moddiscovery.ModFileInfo.<init>(ModFileInfo.java:112) ~[fmlloader-1.21.1-52.1.6.jar!/:?]
	at SECURE-BOOTSTRAP/net.minecraftforge.fmlloader@1.21.1-52.1.6/net.minecraftforge.fml.loading.moddiscovery.ModFileParser.modsTomlParser(ModFileParser.java:47) ~[fmlloader-1.21.1-52.1.6.jar!/:?]
	at SECURE-BOOTSTRAP/net.minecraftforge.fmlloader@1.21.1-52.1.6/net.minecraftforge.fml.loading.moddiscovery.ModFileParser.readModList(ModFileParser.java:31) ~[fmlloader-1.21.1-52.1.6.jar!/:?]
	at SECURE-BOOTSTRAP/net.minecraftforge.fmlloader@1.21.1-52.1.6/net.minecraftforge.fml.loading.moddiscovery.ModFile.<init>(ModFile.java:70) ~[fmlloader-1.21.1-52.1.6.jar!/:?]
	at SECURE-BOOTSTRAP/net.minecraftforge.fmlloader@1.21.1-52.1.6/net.minecraftforge.fml.loading.moddiscovery.ModFile.<init>(ModFile.java:59) ~[fmlloader-1.21.1-52.1.6.jar!/:?]
	at SECURE-BOOTSTRAP/net.minecraftforge.fmlloader@1.21.1-52.1.6/net.minecraftforge.fml.loading.moddiscovery.AbstractModProvider.createMod(AbstractModProvider.java:72) ~[fmlloader-1.21.1-52.1.6.jar!/:?]
	at SECURE-BOOTSTRAP/net.minecraftforge.fmlloader@1.21.1-52.1.6/net.minecraftforge.fml.loading.moddiscovery.AbstractModProvider.createMod(AbstractModProvider.java:52) ~[fmlloader-1.21.1-52.1.6.jar!/:?]
	at SECURE-BOOTSTRAP/net.minecraftforge.fmlloader@1.21.1-52.1.6/net.minecraftforge.fml.loading.moddiscovery.AbstractModProvider.createMod(AbstractModProvider.java:47) ~[fmlloader-1.21.1-52.1.6.jar!/:?]
	at SECURE-BOOTSTRAP/net.minecraftforge.fmlloader@1.21.1-52.1.6/net.minecraftforge.fml.loading.moddiscovery.ClasspathLocator.scanMods(ClasspathLocator.java:78) ~[fmlloader-1.21.1-52.1.6.jar!/:?]
	at SECURE-BOOTSTRAP/net.minecraftforge.fmlloader@1.21.1-52.1.6/net.minecraftforge.fml.loading.moddiscovery.ModDiscoverer.discoverMods(ModDiscoverer.java:84) ~[fmlloader-1.21.1-52.1.6.jar!/:?]
	at SECURE-BOOTSTRAP/net.minecraftforge.fmlloader@1.21.1-52.1.6/net.minecraftforge.fml.loading.FMLLoader.beginModScan(FMLLoader.java:161) ~[fmlloader-1.21.1-52.1.6.jar!/:52.1.6]
	at SECURE-BOOTSTRAP/net.minecraftforge.fmlloader@1.21.1-52.1.6/net.minecraftforge.fml.loading.FMLServiceProvider.beginScanning(FMLServiceProvider.java:57) ~[fmlloader-1.21.1-52.1.6.jar!/:52.1.6]
	at SECURE-BOOTSTRAP/cpw.mods.modlauncher@10.2.4/cpw.mods.modlauncher.TransformationServiceDecorator.runScan(TransformationServiceDecorator.java:98) ~[modlauncher-10.2.4.jar!/:?]
	at SECURE-BOOTSTRAP/cpw.mods.modlauncher@10.2.4/cpw.mods.modlauncher.TransformationServicesHandler.lambda$runScanningTransformationServices$4(TransformationServicesHandler.java:100) ~[modlauncher-10.2.4.jar!/:?]
	at java.base/java.util.stream.ReferencePipeline$3$1.accept(ReferencePipeline.java:197) [?:?]
	at java.base/java.util.HashMap$ValueSpliterator.forEachRemaining(HashMap.java:1787) [?:?]
	at java.base/java.util.stream.AbstractPipeline.copyInto(AbstractPipeline.java:509) [?:?]
	at java.base/java.util.stream.AbstractPipeline.wrapAndCopyInto(AbstractPipeline.java:499) [?:?]
	at java.base/java.util.stream.AbstractPipeline.evaluate(AbstractPipeline.java:575) [?:?]
	at java.base/java.util.stream.AbstractPipeline.evaluateToArrayNode(AbstractPipeline.java:260) [?:?]
	at java.base/java.util.stream.ReferencePipeline.toArray(ReferencePipeline.java:616) [?:?]
	at java.base/java.util.stream.ReferencePipeline.toArray(ReferencePipeline.java:622) [?:?]
	at java.base/java.util.stream.ReferencePipeline.toList(ReferencePipeline.java:627) [?:?]
	at SECURE-BOOTSTRAP/cpw.mods.modlauncher@10.2.4/cpw.mods.modlauncher.TransformationServicesHandler.runScanningTransformationServices(TransformationServicesHandler.java:102) [modlauncher-10.2.4.jar!/:?]
	at SECURE-BOOTSTRAP/cpw.mods.modlauncher@10.2.4/cpw.mods.modlauncher.TransformationServicesHandler.initializeTransformationServices(TransformationServicesHandler.java:49) [modlauncher-10.2.4.jar!/:?]
	at SECURE-BOOTSTRAP/cpw.mods.modlauncher@10.2.4/cpw.mods.modlauncher.Launcher.run(Launcher.java:88) [modlauncher-10.2.4.jar!/:?]
	at SECURE-BOOTSTRAP/cpw.mods.modlauncher@10.2.4/cpw.mods.modlauncher.Launcher.main(Launcher.java:75) [modlauncher-10.2.4.jar!/:?]
	at SECURE-BOOTSTRAP/cpw.mods.modlauncher@10.2.4/cpw.mods.modlauncher.BootstrapEntry.main(BootstrapEntry.java:17) [modlauncher-10.2.4.jar!/:?]
	at net.minecraftforge.bootstrap@2.1.7/net.minecraftforge.bootstrap.Bootstrap.moduleMain(Bootstrap.java:188) [bootstrap-2.1.8.jar!/:?]
	at java.base/jdk.internal.reflect.DirectMethodHandleAccessor.invoke(DirectMethodHandleAccessor.java:103) ~[?:?]
	at java.base/java.lang.reflect.Method.invoke(Method.java:580) ~[?:?]
	at net.minecraftforge.bootstrap.Bootstrap.bootstrapMain(Bootstrap.java:133) [bootstrap-2.1.8.jar:2.1.8]
	at net.minecraftforge.bootstrap.Bootstrap.start(Bootstrap.java:53) [bootstrap-2.1.8.jar:2.1.8]
	at net.minecraftforge.bootstrap.ForgeBootstrap.main(ForgeBootstrap.java:19) [bootstrap-2.1.8.jar:2.1.8]
[14Nov2025 12:04:40.739] [main/INFO] [net.minecraftforge.fml.loading.moddiscovery.JarInJarDependencyLocator/]: No dependencies to load found. Skipping!
[14Nov2025 12:04:40.760] [main/ERROR] [net.minecraftforge.fml.loading.LanguageLoadingProvider/LOADING]: Missing language minecraft version 1 wanted by 
[14Nov2025 12:04:40.761] [main/ERROR] [net.minecraftforge.fml.loading.LanguageLoadingProvider/LOADING]: Missing language javafml version [24,] wanted by 
